Log file open, 08/13/16 17:00:09
LogInit:Display: Running engine for game: FirstDemo
LogPlatformFile: Not using cached read wrapper
LogInit:Display: RandInit(638840986) SRandInit(638840988).
LogTaskGraph: Started task graph with 4 named threads and 7 total threads with 1 sets of task threads.
LogStats: Stats thread started at 0.094194
OCULUS: Info: [CAPI] LibOVR module is located at C:\Program Files\Oculus\Support\oculus-runtime\LibOVRRT64_1.dll
OCULUS: Debug: Connected to the server running version (prod = 1).1.7.0(build = 262766) feature version = 0. Client runs version (prod = 1).1.7.0(build = 262766) feature version = 0
OCULUS: Debug: [HMDState] Using default profile default
OCULUS: Info: IAD changed to 69.5mm
OCULUS: Debug: [SharedMemory] Creating factory
LogInit: Version: 4.12.5-3039270+++UE4+Release-4.12
LogInit: API Version: 2992821
LogInit: Net Version: 3039270
LogDevObjectVersion: Number of dev versions registered: 13
LogDevObjectVersion:   Dev-Blueprints (B0D832E4-1F89-4F0D-ACCF-7EB736FD4AA2): 3
LogDevObjectVersion:   Dev-Build (E1C64328-A22C-4D53-A36C-8E866417BD8C): 0
LogDevObjectVersion:   Dev-Core (375EC13C-06E4-48FB-B500-84F0262A717E): 1
LogDevObjectVersion:   Dev-Editor (E4B068ED-F494-42E9-A231-DA0B2E46BB41): 2
LogDevObjectVersion:   Dev-Framework (CFFC743F-43B0-4480-9391-14DF171D2073): 6
LogDevObjectVersion:   Dev-Mobile (B02B49B5-BB20-44E9-A304-32B752E40360): 0
LogDevObjectVersion:   Dev-Networking (A4E4105C-59A1-49B5-A7C5-40C4547EDFEE): 0
LogDevObjectVersion:   Dev-Online (39C831C9-5AE6-47DC-9A44-9C173E1C8E7C): 0
LogDevObjectVersion:   Dev-Physics (78F01B33-EBEA-4F98-B9B4-84EACCB95AA2): 0
LogDevObjectVersion:   Dev-Platform (6631380F-2D4D-43E0-8009-CF276956A95A): 0
LogDevObjectVersion:   Dev-Rendering (12F88B9F-8875-4AFC-A67C-D90C383ABD29): 2
LogDevObjectVersion:   Dev-Sequencer (7B5AE74C-D270-4C10-A958-57980B212A5A): 0
LogDevObjectVersion:   Dev-VR (D7296918-1DD6-4BDD-9DE2-64A83CC13884): 0
LogInit: Compiled (64-bit): Jul  6 2016 09:09:46
LogInit: Compiled with Visual C++: 19.00.23026.00
LogInit: Build Configuration: Development
LogInit: Branch Name: ++UE4+Release-4.12
LogInit: Command line:  
LogInit: Base directory: C:/Program Files (x86)/Epic Games/4.12/Engine/Binaries/Win64/
LogInit: Installed Engine Build: 1
LogInit: Using libcurl 7.41.0
LogInit:  - built for x86_64-pc-win32
LogInit:  - supports SSL with WinSSL
LogInit:  - other features:
LogInit:      CURL_VERSION_SSL
LogInit:      CURL_VERSION_IPV6
LogInit:      CURL_VERSION_ASYNCHDNS
LogInit:      CURL_VERSION_LARGEFILE
LogInit:      CURL_VERSION_IDN
LogInit:  CurlRequestOptions (configurable via config and command line):
LogInit:  - bVerifyPeer = true  - Libcurl will verify peer certificate
LogInit:  - bUseHttpProxy = false  - Libcurl will NOT use HTTP proxy
LogInit:  - bDontReuseConnections = false  - Libcurl will reuse connections
LogInit:  - CertBundlePath = nullptr  - Libcurl will use whatever was configured at build time.
LogInit: Presizing for max 8388607 objects, including 0 objects not considered by GC, pre-allocating 0 bytes for permanent pool.
LogInit: Object subsystem initialized
[2016.08.14-00.00.10:323][  0]LogInit: Selected Device Profile: [Windows]
[2016.08.14-00.00.10:330][  0]LogInit: Applying CVar settings loaded from the selected device profile: [Windows]
[2016.08.14-00.00.10:431][  0]LogInit: Computer: DESKTOP-0F1CTFJ
[2016.08.14-00.00.10:431][  0]LogInit: User: jgell
[2016.08.14-00.00.10:431][  0]LogInit: CPU Page size=65536, Cores=4
[2016.08.14-00.00.10:431][  0]LogInit: High frequency timer resolution =2.648437 MHz
[2016.08.14-00.00.10:449][  0]LogMemory: Memory total: Physical=7.9GB (8GB approx)
[2016.08.14-00.00.10:464][  0]LogMemory: Platform Memory Stats for Windows
[2016.08.14-00.00.10:464][  0]LogMemory: Process Physical Memory: 194.45 MB used, 194.45 MB peak
[2016.08.14-00.00.10:464][  0]LogMemory: Process Virtual Memory: 197.96 MB used, 197.96 MB peak
[2016.08.14-00.00.10:464][  0]LogMemory: Physical Memory: 5181.91 MB used, 8131.17 MB total
[2016.08.14-00.00.10:464][  0]LogMemory: Virtual Memory: 594.65 MB used, 134217728.00 MB total
[2016.08.14-00.00.13:516][  0]LogTextLocalizationManager: No specific translations for ('en-US') exist, so ('en') translations will be used.
[2016.08.14-00.00.16:638][  0]LogD3D11RHI: D3D11 adapters:
[2016.08.14-00.00.16:672][  0]LogD3D11RHI:    0. 'NVIDIA GeForce GTX 970' (Feature Level 11_0)
[2016.08.14-00.00.16:673][  0]LogD3D11RHI:       4007/0/4065 MB DedicatedVideo/DedicatedSystem/SharedSystem, Outputs:1, VendorId:0x10de
[2016.08.14-00.00.16:674][  0]LogD3D11RHI:    1. 'Microsoft Basic Render Driver' (Feature Level 11_0)
[2016.08.14-00.00.16:674][  0]LogD3D11RHI:       0/0/4065 MB DedicatedVideo/DedicatedSystem/SharedSystem, Outputs:0, VendorId:0x1414
[2016.08.14-00.00.16:674][  0]LogD3D11RHI: Chosen D3D11 Adapter: 0
[2016.08.14-00.00.16:708][  0]LogD3D11RHI: Creating new Direct3DDevice
[2016.08.14-00.00.16:720][  0]LogD3D11RHI:     GPU DeviceId: 0x13c2 (for the marketing name, search the web for "GPU Device Id")
[2016.08.14-00.00.16:720][  0]LogWindows: EnumDisplayDevices:
[2016.08.14-00.00.16:720][  0]LogWindows:    0. 'NVIDIA GeForce GTX 970' (P:1 D:1)
[2016.08.14-00.00.16:720][  0]LogWindows:    1. 'NVIDIA GeForce GTX 970' (P:0 D:0)
[2016.08.14-00.00.16:721][  0]LogWindows:    2. 'NVIDIA GeForce GTX 970' (P:0 D:0)
[2016.08.14-00.00.16:721][  0]LogWindows:    3. 'NVIDIA GeForce GTX 970' (P:0 D:0)
[2016.08.14-00.00.16:721][  0]LogWindows: DebugString: FoundDriverCount:4 
[2016.08.14-00.00.16:721][  0]LogD3D11RHI:     Adapter Name: NVIDIA GeForce GTX 970
[2016.08.14-00.00.16:722][  0]LogD3D11RHI:   Driver Version: 364.51 (internal:10.18.13.6451, unified:364.51)
[2016.08.14-00.00.16:722][  0]LogD3D11RHI:      Driver Date: 3-7-2016
[2016.08.14-00.00.16:723][  0]LogRHI: Texture pool is 1361 MB (70% of 1945 MB)
[2016.08.14-00.00.16:778][  0]LogD3D11RHI: Async texture creation enabled
[2016.08.14-00.00.17:970][  0]OCULUS: Info: [HMDState] Requested to SetForegroundWindow(300b04ll)
[2016.08.14-00.00.17:970][  0]LogD3D11RHI: GPU Timing Frequency: 1000.000000 (Debug: 2 8)
[2016.08.14-00.00.18:248][  0]LogShaderCompilers: Guid format shader working directory is -18 characters bigger than the processId version (../../../../../../Users/jgell/Desktop/UnrealProjects/MyProject2/Intermediate/Shaders/WorkingDirectory/18996/).
[2016.08.14-00.00.18:248][  0]LogShaderCompilers: Cleaned the shader compiler working directory 'C:/Users/jgell/AppData/Local/Temp/UnrealShaderWorkingDir/F4E8C7C747C98F314D62B5BF8FCAA398/'.
[2016.08.14-00.00.18:249][  0]LogShaderCompilers:Display: Using Local Shader Compiler.
[2016.08.14-00.00.29:410][  0]LogTemp:Display: Loaded TP AllDesktopTargetPlatform
[2016.08.14-00.00.29:422][  0]LogTemp:Display: Loaded TP WindowsClientTargetPlatform
[2016.08.14-00.00.29:434][  0]LogTemp:Display: Loaded TP WindowsNoEditorTargetPlatform
[2016.08.14-00.00.29:447][  0]LogTemp:Display: Loaded TP WindowsServerTargetPlatform
[2016.08.14-00.00.29:460][  0]LogTemp:Display: Loaded TP WindowsTargetPlatform
[2016.08.14-00.00.29:472][  0]LogTemp:Display: Loaded TP AndroidTargetPlatform
[2016.08.14-00.00.29:509][  0]LogTemp:Display: Loaded TP Android_ASTCTargetPlatform
[2016.08.14-00.00.29:555][  0]LogTemp:Display: Loaded TP Android_ATCTargetPlatform
[2016.08.14-00.00.29:578][  0]LogTemp:Display: Loaded TP Android_DXTTargetPlatform
[2016.08.14-00.00.29:623][  0]LogTemp:Display: Loaded TP Android_ETC1TargetPlatform
[2016.08.14-00.00.29:647][  0]LogTemp:Display: Loaded TP Android_ETC2TargetPlatform
[2016.08.14-00.00.29:677][  0]LogTemp:Display: Loaded TP Android_MultiTargetPlatform
[2016.08.14-00.00.29:677][  0]LogTemp:Display: Loaded TP Android_PVRTCTargetPlatform
[2016.08.14-00.00.29:681][  0]LogTemp:Display: Loaded TP HTML5TargetPlatform
[2016.08.14-00.00.29:780][  0]LogTemp:Display: Loaded TP IOSTargetPlatform
[2016.08.14-00.00.29:790][  0]LogTemp:Display: Loaded TP TVOSTargetPlatform
[2016.08.14-00.00.29:834][  0]LogTemp:Display: Loaded TP LinuxNoEditorTargetPlatform
[2016.08.14-00.00.29:857][  0]LogTemp:Display: Loaded TP LinuxServerTargetPlatform
[2016.08.14-00.00.29:886][  0]LogTemp:Display: Loaded TP LinuxTargetPlatform
[2016.08.14-00.00.29:886][  0]LogTargetPlatformManager:Display: Building Assets For Windows
[2016.08.14-00.00.30:463][  0]LogDerivedDataCache:Display: Max Cache Size: 512 MB
[2016.08.14-00.00.30:768][  0]LogDerivedDataCache: Loaded boot cache 0.30s 48MB C:/Users/jgell/AppData/Local/UnrealEngine/4.12/DerivedDataCache/Boot.ddc.
[2016.08.14-00.00.30:769][  0]LogDerivedDataCache:Display: Loaded Boot cache: C:/Users/jgell/AppData/Local/UnrealEngine/4.12/DerivedDataCache/Boot.ddc
[2016.08.14-00.00.30:769][  0]LogDerivedDataCache: FDerivedDataBackendGraph:  Pak pak cache file ../../../../../../Users/jgell/Desktop/UnrealProjects/MyProject2/DerivedDataCache/DDC.ddp not found, will not use a pak cache.
[2016.08.14-00.00.30:769][  0]LogDerivedDataCache: Unable to find inner node Pak for hierarchical cache Hierarchy.
[2016.08.14-00.00.30:769][  0]LogDerivedDataCache: FDerivedDataBackendGraph:  CompressedPak pak cache file ../../../../../../Users/jgell/Desktop/UnrealProjects/MyProject2/DerivedDataCache/Compressed.ddp not found, will not use a pak cache.
[2016.08.14-00.00.30:769][  0]LogDerivedDataCache: Unable to find inner node CompressedPak for hierarchical cache Hierarchy.
[2016.08.14-00.00.30:810][  0]LogDerivedDataCache:Display: Pak cache opened for reading ../../../Engine/DerivedDataCache/Compressed.ddp.
[2016.08.14-00.00.30:824][  0]LogDerivedDataCache: Using Local data cache path C:/Users/jgell/AppData/Local/UnrealEngine/Common/DerivedDataCache: Writable
[2016.08.14-00.00.40:888][  0]LogInit: Selected Device Profile: [Windows]
[2016.08.14-00.00.40:922][  0]LogContentStreaming: Texture pool size is 0.00 MB
[2016.08.14-00.00.42:776][  0]LogMeshUtilities: No automatic mesh reduction module available
[2016.08.14-00.00.42:776][  0]LogMeshUtilities: No automatic mesh merging module available
[2016.08.14-00.00.42:776][  0]LogMeshUtilities: No distributed automatic mesh merging module available
[2016.08.14-00.00.46:024][  0]LogAssetRegistry: FAssetRegistry took 0.0244 seconds to start up
[2016.08.14-00.00.46:244][  0]LogPackageLocalizationCache: Processed 3 localized package path(s) for 2 prioritized culture(s) in 0.181338 seconds
[2016.08.14-00.00.46:284][  0]LogUObjectArray: 28739 objects as part of root set at end of initial load.
[2016.08.14-00.00.46:284][  0]LogUObjectAllocator: 5855632 out of 0 bytes used by permanent object pool.
[2016.08.14-00.00.46:284][  0]LogUObjectArray: CloseDisregardForGC: 0/0 objects in disregard for GC pool
[2016.08.14-00.00.46:358][  0]LogInit: WinSock: version 1.1 (2.2), MaxSocks=32767, MaxUdp=65467
[2016.08.14-00.00.51:960][  0]LogSlate: SlateFontCache - WITH_FREETYPE: 1, WITH_HARFBUZZ: 1
[2016.08.14-00.00.51:972][  0]LogSlate: SlateFontCache - WITH_FREETYPE: 1, WITH_HARFBUZZ: 1
[2016.08.14-00.01.06:738][  0]LogUdpMessaging: Initializing bridge on interface 0.0.0.0:0 to multicast group 230.0.0.1:6666.
[2016.08.14-00.01.08:347][  0]SourceControl: Info Source control is disabled
[2016.08.14-00.01.08:564][  0]SourceControl: Info Source control is disabled
[2016.08.14-00.01.08:612][  0]SourceControl: Info Source control is disabled
[2016.08.14-00.01.08:655][  0]SourceControl: Info Source control is disabled
[2016.08.14-00.01.10:314][  0]LogEngine: Initializing Engine...
[2016.08.14-00.01.10:339][  0]LogHMD: SteamVR failed to initialize.  Err: 110
[2016.08.14-00.01.10:351][  0]LogHMD: SteamVR failed to initialize.  Err: 110
[2016.08.14-00.01.10:363][  0]LogHMD: Oculus plugin initialized. Version: 4.12.5-3039270+++UE4+Release-4.12, LibOVR: 1.7.0, SDK: 1.3.2, built Jul  6 2016, 09:11:15
[2016.08.14-00.01.10:899][  0]OCULUS: Debug: [HMDState] Using default profile default
[2016.08.14-00.01.10:899][  0]OCULUS: Info: IAD changed to 69.5mm
[2016.08.14-00.01.10:899][  0]OCULUS: Info: [HMDState] Requested to SetForegroundWindow(300b04ll)
[2016.08.14-00.01.11:375][  0]LogAIModule: Creating AISystem for world NewWorld
[2016.08.14-00.01.11:576][  0]LogInit: XAudio2 using 'Speakers / Headphones (Realtek High Definition Audio)' : 2 channels at 48 kHz using 32 bits per sample (channel mask 0x3)
[2016.08.14-00.01.11:655][  0]LogInit: FAudioDevice initialized.
[2016.08.14-00.01.11:702][  0]LogDerivedDataCache: Saved boot cache 0.05s 48MB C:/Users/jgell/AppData/Local/UnrealEngine/4.12/DerivedDataCache/Boot.ddc.
[2016.08.14-00.01.11:708][  0]LogInit: Texture streaming: Enabled
[2016.08.14-00.01.11:953][  0]LogInit: Transaction tracking system initialized
[2016.08.14-00.01.12:321][  0]BlueprintLog: New page: Editor Load
[2016.08.14-00.01.14:024][  0]LocalizationService: Info Localization service is disabled
[2016.08.14-00.01.14:772][  0]LogConsoleResponse:Display: 
[2016.08.14-00.01.16:641][  0]LogCook:Display: Max memory allowance for cook 8192mb
[2016.08.14-00.01.16:641][  0]LogCook:Display: Mobile HDR setting 1
[2016.08.14-00.01.17:543][  0]LogFileCache: Scanning file cache for directory 'C:/Users/jgell/Desktop/UnrealProjects/MyProject2/Content/' took 0.03s
[2016.08.14-00.01.18:797][  0]SourceControl: Info Source control is disabled
[2016.08.14-00.01.18:809][  0]Cmd: MAP LOAD FILE="../../../../../../Users/jgell/Desktop/UnrealProjects/MyProject2/Content/FirstPersonBP/Maps/FirstPersonExampleMap.umap" TEMPLATE=0 SHOWPROGRESS=1 FEATURELEVEL=3
[2016.08.14-00.01.18:856][  0]LightingResults: New page: Lighting Build
[2016.08.14-00.01.18:980][  0]MapCheck: New page: Map Check
[2016.08.14-00.01.18:980][  0]LightingResults: New page: Lighting Build
[2016.08.14-00.01.23:638][  0]LogAIModule: Creating AISystem for world FirstPersonExampleMap
[2016.08.14-00.01.24:233][  0]LogEditorServer: Finished looking for orphan Actors (0.000 secs)
[2016.08.14-00.01.24:268][  0]Cmd: MAP CHECKDEP NOCLEARLOG
[2016.08.14-00.01.24:390][  0]MapCheck: Info Map check complete: 0 Error(s), 0 Warning(s), took 121.736ms to complete.
[2016.08.14-00.01.24:390][  0]LogFileHelpers: Loading map 'FirstPersonExampleMap' took 5.581
[2016.08.14-00.01.26:086][  0]LogCollectionManager: Loaded 0 collections in 0.004422 seconds
[2016.08.14-00.01.26:249][  0]LogFileCache: Scanning file cache for directory 'C:/Users/jgell/Desktop/UnrealProjects/MyProject2/Saved/Collections/' took 0.01s
[2016.08.14-00.01.26:249][  0]LogFileCache: Scanning file cache for directory 'C:/Users/jgell/Desktop/UnrealProjects/MyProject2/Content/Developers/jgell/Collections/' took 0.01s
[2016.08.14-00.01.26:249][  0]LogFileCache: Scanning file cache for directory 'C:/Users/jgell/Desktop/UnrealProjects/MyProject2/Content/Collections/' took 0.01s
[2016.08.14-00.01.26:249][  0]LogCollectionManager: Rebuilt the GUID cache for 0 collections in 0.000005 seconds
[2016.08.14-00.01.26:281][  0]LogContentBrowser: Native class hierarchy populated in 0.0300 seconds. Added 2047 classes and 369 folders.
[2016.08.14-00.01.26:365][  0]LogStats: UGameplayTagsManager::ConstructGameplayTagTree: Construct from data asset -  0.000 s
[2016.08.14-00.01.26:366][  0]LogStats: UGameplayTagsManager::ConstructGameplayTagTree: GameplayTagTreeChangedEvent.Broadcast -  0.001 s
[2016.08.14-00.01.26:368][  0]LogContentBrowser: Native class hierarchy updated for 'GameplayTags' in 0.0007 seconds. Added 12 classes and 0 folders.
[2016.08.14-00.01.26:398][  0]LogContentBrowser: Native class hierarchy updated for 'WidgetCarousel' in 0.0006 seconds. Added 0 classes and 0 folders.
[2016.08.14-00.01.27:268][  0]LogContentBrowser: Native class hierarchy updated for 'AddContentDialog' in 0.0005 seconds. Added 0 classes and 0 folders.
[2016.08.14-00.01.27:322][  0]LogContentBrowser: Native class hierarchy updated for 'SceneOutliner' in 0.0005 seconds. Added 1 classes and 2 folders.
[2016.08.14-00.01.27:678][  0]LogCrashTracker: Crashtracker disabled due to settings.
[2016.08.14-00.01.27:822][  0]LogUObjectGlobals:Warning: Failed to find object 'Class None.'
[2016.08.14-00.01.27:919][  0]LogContentBrowser: Native class hierarchy updated for 'HierarchicalLODOutliner' in 0.0005 seconds. Added 1 classes and 2 folders.
[2016.08.14-00.01.27:919][  0]LogLoad: Full Startup: 80.43 seconds (BP compile: 0.67 seconds)
[2016.08.14-00.01.27:919][  0]LogExternalProfiler: Found external profiler: VSPerf
[2016.08.14-00.01.27:919][  0]LogExternalProfiler: Using external profiler: VSPerf
[2016.08.14-00.01.27:945][  0]LogOcInput: OculusInput pre-init called
[2016.08.14-00.01.27:956][  0]LogOcInput: OculusInput is initialized. Init status 0. Runtime version: 1.7.0
[2016.08.14-00.01.28:102][  0]LogContentStreaming: Texture pool size now 1000 MB
[2016.08.14-00.01.29:029][  1]LogRenderer: Reallocating scene render targets to support 840x524 (Frame:2).
[2016.08.14-00.01.29:515][  4]LogAssetRegistry: Asset discovery search completed in 43.5137 seconds
[2016.08.14-00.01.29:522][  4]LogCollectionManager: Rebuilt the object cache for 0 collections in 0.000017 seconds (found 0 objects)
[2016.08.14-00.01.29:530][  4]LogCollectionManager: Fixed up redirectors for 0 collections in 0.014735 seconds (updated 0 objects)
[2016.08.14-00.02.26:113][529]Cmd: MAP LOAD FILE="../../../../../../Users/jgell/Desktop/UnrealProjects/MyProject2/Content/FirstLevel.umap" TEMPLATE=0 SHOWPROGRESS=1 FEATURELEVEL=3
[2016.08.14-00.02.26:151][529]LightingResults: New page: Lighting Build
[2016.08.14-00.02.26:152][529]LoadErrors: New page: Loading map: FirstLevel.umap
[2016.08.14-00.02.26:188][529]MapCheck: New page: Map Check
[2016.08.14-00.02.26:188][529]LightingResults: New page: Lighting Build
[2016.08.14-00.02.26:709][529]LogAIModule: Creating AISystem for world FirstLevel
[2016.08.14-00.02.26:795][529]LogEditorServer: Finished looking for orphan Actors (0.000 secs)
[2016.08.14-00.02.26:839][529]Cmd: MAP CHECKDEP NOCLEARLOG
[2016.08.14-00.02.26:916][529]MapCheck: Info Map check complete: 0 Error(s), 0 Warning(s), took 77.545ms to complete.
[2016.08.14-00.02.26:916][529]LogFileHelpers: Loading map 'FirstLevel' took 0.877
[2016.08.14-00.10.17:092][404]OCULUS: Info: [HMDState] Requested to SetForegroundWindow(16097all)
[2016.08.14-00.10.33:423][453]OCULUS: Info: [HMDState] Requested to SetForegroundWindow(16097all)
[2016.08.14-00.12.25:755][306]Cmd: POLY SELECT ADJACENT ALL
[2016.08.14-00.12.28:588][634]Cmd: POLY SELECT ADJACENT WALLS
[2016.08.14-00.12.46:620][776]Cmd: TRANSACTION UNDO
[2016.08.14-00.12.46:620][776]LogEditorTransaction: Undo Select Brush Surface
[2016.08.14-00.12.47:107][808]Cmd: TRANSACTION UNDO
[2016.08.14-00.12.47:107][808]LogEditorTransaction: Undo Select Adjacent Walls
[2016.08.14-00.12.47:628][866]Cmd: TRANSACTION UNDO
[2016.08.14-00.12.47:628][866]LogEditorTransaction: Undo Select All Adjacent
[2016.08.14-00.12.48:046][913]Cmd: TRANSACTION UNDO
[2016.08.14-00.12.48:046][913]LogEditorTransaction: Undo Select Brush Surface
[2016.08.14-00.12.48:490][963]Cmd: TRANSACTION UNDO
[2016.08.14-00.12.48:490][963]LogEditorTransaction: Undo Select Surfaces
[2016.08.14-00.12.48:957][ 16]Cmd: TRANSACTION UNDO
[2016.08.14-00.12.48:957][ 16]LogEditorTransaction: Undo Select Brush Surface
[2016.08.14-00.12.49:520][ 80]Cmd: TRANSACTION UNDO
[2016.08.14-00.12.49:520][ 80]LogEditorTransaction: Undo Create Actors
[2016.08.14-00.12.49:563][ 80]LogPhysics:Warning: FDerivedDataPhysXCooker::BuildTriMesh: Triangle data from '/Game/FirstLevel.FirstLevel:PersistentLevel.ModelComponent_600' invalid (556 verts, 0 indices).
[2016.08.14-00.12.49:947][117]Cmd: TRANSACTION UNDO
[2016.08.14-00.12.49:947][117]LogEditorTransaction: Undo Create Actors
[2016.08.14-00.12.50:396][169]Cmd: TRANSACTION UNDO
[2016.08.14-00.12.50:396][169]LogEditorTransaction: Undo Create Actors
[2016.08.14-00.12.50:827][217]Cmd: TRANSACTION UNDO
[2016.08.14-00.12.50:827][217]LogEditorTransaction: Undo Create Actors
[2016.08.14-00.12.52:399][402]Cmd: TRANSACTION UNDO
[2016.08.14-00.12.52:399][402]LogEditorTransaction: Undo Create Actors
[2016.08.14-00.12.52:798][448]Cmd: TRANSACTION UNDO
[2016.08.14-00.12.52:798][448]LogEditorTransaction: Undo Create Actors
[2016.08.14-00.13.42:730][541]LogSavePackage: Save=167.69ms
[2016.08.14-00.13.42:730][541]LogSavePackage: Moving '../../../../../../Users/jgell/Desktop/UnrealProjects/MyProject2/Saved/FirstLevel_Auto193F4CB754BE66ECEAFE38590D86CBC9C.tmp' to '../../../../../../Users/jgell/Desktop/UnrealProjects/MyProject2/Saved/Autosaves/Game/FirstLevel_Auto1.umap'
[2016.08.14-00.13.42:732][541]LogSavePackage:Display: Finished SavePackage ../../../../../../Users/jgell/Desktop/UnrealProjects/MyProject2/Saved/Autosaves/Game/FirstLevel_Auto1.umap
[2016.08.14-00.13.42:735][541]LogFileHelpers: Editor autosave (incl. sublevels) for '/Game/FirstLevel' took 0.237
[2016.08.14-00.13.42:735][541]LogFileHelpers: Editor autosave (incl. sublevels) for all levels took 0.237
[2016.08.14-00.13.58:249][452]LogTexture:Display: Building textures: T_Perlin_Noise_M (AutoDXT)
[2016.08.14-00.14.04:024][452]LogTexture:Display: Building textures: T_Brick_Clay_Old_N (BC5)
[2016.08.14-00.14.05:116][452]LogTexture:Display: Building textures: T_Brick_Clay_Old_D (AutoDXT)
[2016.08.14-00.14.10:880][452]LogEditorViewport: Clicking on Actor (LMB): BP_Sky_Sphere_C (Sky Sphere)
[2016.08.14-00.14.11:003][452]LogEditorViewport: Clicking on Actor (LMB): BP_Sky_Sphere_C (Sky Sphere)
[2016.08.14-00.14.50:200][883]LogTexture:Display: Building textures: T_Rock_Marble_Polished_D (AutoDXT)
[2016.08.14-00.15.39:426][249]LogTexture:Display: Building textures: T_Wood_Floor_Walnut_M (AutoDXT)
[2016.08.14-00.15.45:226][249]LogTexture:Display: Building textures: T_Wood_Floor_Walnut_D (AutoDXT)
[2016.08.14-00.15.50:990][249]LogTexture:Display: Building textures: T_Wood_Floor_Walnut_N (BC5)
[2016.08.14-00.17.47:685][502]Cmd: POLY TEXMULT UU=0.707107 VV=0.707107 UV=-0.707107 VU=0.707107
[2016.08.14-00.23.28:071][402]LogActorFactory: Actor Factory created Pillar_50x500
[2016.08.14-00.23.28:770][476]LogActorFactory: Actor Factory created Pillar_50x500
[2016.08.14-00.23.53:678][554]LogSavePackage: Save=43.08ms
[2016.08.14-00.23.53:679][554]LogSavePackage: Moving '../../../../../../Users/jgell/Desktop/UnrealProjects/MyProject2/Saved/FirstLevel_Auto201ED712449159D6EAF5D96A91D7D10E1.tmp' to '../../../../../../Users/jgell/Desktop/UnrealProjects/MyProject2/Saved/Autosaves/Game/FirstLevel_Auto2.umap'
[2016.08.14-00.23.53:680][554]LogSavePackage:Display: Finished SavePackage ../../../../../../Users/jgell/Desktop/UnrealProjects/MyProject2/Saved/Autosaves/Game/FirstLevel_Auto2.umap
[2016.08.14-00.23.53:682][554]LogFileHelpers: Editor autosave (incl. sublevels) for '/Game/FirstLevel' took 0.079
[2016.08.14-00.23.53:682][554]LogFileHelpers: Editor autosave (incl. sublevels) for all levels took 0.079
[2016.08.14-00.26.08:350][214]Cmd: TRANSACTION UNDO
[2016.08.14-00.26.08:350][214]LogEditorTransaction: Undo Move Actors
[2016.08.14-00.26.25:057][819]LogEditorViewport: Clicking on Actor (LMB): StaticMeshActor (Pillar_50x502)
[2016.08.14-00.27.50:627][127]LogEditorViewport: Clicking on Actor (LMB): StaticMeshActor (Pillar_50x500)
[2016.08.14-00.32.04:080][261]LogActorFactory: Actor Factory created Pillar_50x500
[2016.08.14-00.32.05:612][443]LogActorFactory: Actor Factory created Pillar_50x500
[2016.08.14-00.33.13:455][103]LogEditorViewport: Clicking on Actor (LMB): StaticMeshActor (Pillar_50x506)
[2016.08.14-00.33.17:456][582]LogEditorViewport: Clicking on Actor (LMB): StaticMeshActor (Pillar_50x506)
[2016.08.14-00.33.18:519][708]LogEditorViewport: Clicking on Actor (LMB): StaticMeshActor (Pillar_50x504)
[2016.08.14-00.33.19:245][791]LogEditorViewport: Clicking on Actor (LMB): StaticMeshActor (Pillar_50x506)
[2016.08.14-00.33.48:707][639]LogEditorViewport: Clicking on Actor (LMB): StaticMeshActor (Pillar_50x506)
[2016.08.14-00.33.53:543][218]LogEditorViewport: Clicking on Actor (LMB): StaticMeshActor (Pillar_50x504)
[2016.08.14-00.34.20:260][520]LogSavePackage: Save=45.61ms
[2016.08.14-00.34.20:260][520]LogSavePackage: Moving '../../../../../../Users/jgell/Desktop/UnrealProjects/MyProject2/Saved/FirstLevel_Auto33D8266AC43579A853E5FFC8698E8E62F.tmp' to '../../../../../../Users/jgell/Desktop/UnrealProjects/MyProject2/Saved/Autosaves/Game/FirstLevel_Auto3.umap'
[2016.08.14-00.34.20:262][520]LogSavePackage:Display: Finished SavePackage ../../../../../../Users/jgell/Desktop/UnrealProjects/MyProject2/Saved/Autosaves/Game/FirstLevel_Auto3.umap
[2016.08.14-00.34.20:264][520]LogFileHelpers: Editor autosave (incl. sublevels) for '/Game/FirstLevel' took 0.068
[2016.08.14-00.34.20:264][520]LogFileHelpers: Editor autosave (incl. sublevels) for all levels took 0.068
[2016.08.14-00.34.30:015][669]LogEditorViewport: Clicking on Actor (LMB): StaticMeshActor (Pillar_50x506)
[2016.08.14-00.35.09:775][400]Cmd: TRANSACTION UNDO
[2016.08.14-00.35.09:775][400]LogEditorTransaction: Undo Move Actors
[2016.08.14-00.37.40:669][  8]LogEditorViewport: Clicking on Actor (LMB): StaticMeshActor (Pillar_50x507)
[2016.08.14-00.38.05:825][368]LogPhysics:Warning: Scale 'X=1.000 Y=1.000 Z=0.000' is not valid on object '/Game/FirstLevel.FirstLevel:PersistentLevel.Pillar_50x511.StaticMeshComponent0 Pillar_50x500'.
[2016.08.14-00.39.03:188][668]LogEditorViewport: Clicking on Actor (LMB): StaticMeshActor (Pillar_50x507)
[2016.08.14-00.44.21:106][590]LogSavePackage: Save=49.20ms
[2016.08.14-00.44.21:106][590]LogSavePackage: Moving '../../../../../../Users/jgell/Desktop/UnrealProjects/MyProject2/Saved/FirstLevel_Auto476CFAE4C4D12D2F859AC4EAAFC3695D9.tmp' to '../../../../../../Users/jgell/Desktop/UnrealProjects/MyProject2/Saved/Autosaves/Game/FirstLevel_Auto4.umap'
[2016.08.14-00.44.21:108][590]LogSavePackage:Display: Finished SavePackage ../../../../../../Users/jgell/Desktop/UnrealProjects/MyProject2/Saved/Autosaves/Game/FirstLevel_Auto4.umap
[2016.08.14-00.44.21:110][590]LogFileHelpers: Editor autosave (incl. sublevels) for '/Game/FirstLevel' took 0.078
[2016.08.14-00.44.21:110][590]LogFileHelpers: Editor autosave (incl. sublevels) for all levels took 0.078
[2016.08.14-01.01.53:799][423]LogSavePackage: Save=42.74ms
[2016.08.14-01.01.53:799][423]LogSavePackage: Moving '../../../../../../Users/jgell/Desktop/UnrealProjects/MyProject2/Saved/FirstLevel_Auto589244383402C3ECA9BC8BCABE6F4872A.tmp' to '../../../../../../Users/jgell/Desktop/UnrealProjects/MyProject2/Saved/Autosaves/Game/FirstLevel_Auto5.umap'
[2016.08.14-01.01.53:815][423]LogSavePackage:Display: Finished SavePackage ../../../../../../Users/jgell/Desktop/UnrealProjects/MyProject2/Saved/Autosaves/Game/FirstLevel_Auto5.umap
[2016.08.14-01.01.53:817][423]LogFileHelpers: Editor autosave (incl. sublevels) for '/Game/FirstLevel' took 0.137
[2016.08.14-01.01.53:817][423]LogFileHelpers: Editor autosave (incl. sublevels) for all levels took 0.137
[2016.08.14-01.01.59:875][145]LogEditorViewport: Clicking on Actor (LMB): StaticMeshActor (Pillar_50x500)
[2016.08.14-01.02.02:843][497]Cmd: TRANSACTION UNDO
[2016.08.14-01.02.02:843][497]LogEditorTransaction: Undo Clicking on Actors
[2016.08.14-01.03.29:971][ 30]LogActorFactory: Actor Factory created SM_PillarFrame300
[2016.08.14-01.03.32:088][283]LogActorFactory: Actor Factory created SM_PillarFrame300
[2016.08.14-01.04.12:144][331]Cmd: CAMERA ALIGN ACTIVEVIEWPORTONLY
[2016.08.14-01.06.22:959][590]LogActorFactory: Actor Factory created SM_PillarFrame
[2016.08.14-01.06.23:591][665]LogActorFactory: Actor Factory created SM_PillarFrame
[2016.08.14-01.06.36:666][890]Cmd: DELETE
[2016.08.14-01.06.36:666][890]Cmd: ACTOR DELETE
[2016.08.14-01.06.36:675][890]LogEditorActor: Deleted Actor: StaticMeshActor
[2016.08.14-01.06.36:683][890]LogEditorActor: Deleted 1 Actors (0.008 secs)
[2016.08.14-01.06.37:956][ 43]LogEditorViewport: Clicking on Actor (LMB): StaticMeshActor (SM_PillarFrame303)
[2016.08.14-01.08.49:362][614]LogEditorViewport: Clicking on Actor (CTRL LMB): StaticMeshActor (SM_PillarFrame304)
[2016.08.14-01.09.44:665][939]LogEditorViewport: Clicking on Actor (LMB): StaticMeshActor (SM_PillarFrame309)
[2016.08.14-01.09.45:712][ 61]Cmd: DELETE
[2016.08.14-01.09.45:712][ 61]Cmd: ACTOR DELETE
[2016.08.14-01.09.45:712][ 61]LogEditorActor: Deleted Actor: StaticMeshActor
[2016.08.14-01.09.45:722][ 61]LogEditorActor: Deleted 1 Actors (0.010 secs)
[2016.08.14-01.09.46:929][206]LogEditorViewport: Clicking on Actor (LMB): StaticMeshActor (SM_PillarFrame308)
[2016.08.14-01.09.49:104][463]LogEditorViewport: Clicking on Actor (LMB): StaticMeshActor (SM_PillarFrame307)
[2016.08.14-01.09.49:637][523]LogEditorViewport: Clicking on Actor (LMB): StaticMeshActor (SM_PillarFrame306)
[2016.08.14-01.09.50:968][679]LogEditorViewport: Clicking on Actor (LMB): StaticMeshActor (SM_PillarFrame304)
[2016.08.14-01.09.56:414][320]LogEditorViewport: Clicking on Actor (CTRL LMB): StaticMeshActor (SM_PillarFrame305)
[2016.08.14-01.09.57:383][432]LogEditorViewport: Clicking on Actor (CTRL LMB): StaticMeshActor (SM_PillarFrame306)
[2016.08.14-01.09.58:178][523]LogEditorViewport: Clicking on Actor (CTRL LMB): StaticMeshActor (SM_PillarFrame307)
[2016.08.14-01.09.58:846][599]LogEditorViewport: Clicking on Actor (CTRL LMB): StaticMeshActor (SM_PillarFrame308)
[2016.08.14-01.10.34:656][913]Cmd: TRANSACTION UNDO
[2016.08.14-01.10.34:656][913]LogEditorTransaction: Undo Move Actors
[2016.08.14-01.10.34:657][913]LogActorComponent: ~FComponentReregisterContext: (/Game/FirstLevel.FirstLevel:PersistentLevel.SM_PillarFrame307.StaticMeshComponent0) Component already registered.
[2016.08.14-01.11.13:824][997]LogEditorViewport: Clicking on Actor (context menu): BP_Sky_Sphere_C (Sky Sphere)
[2016.08.14-01.11.14:702][ 96]LogEditorViewport: Clicking on Actor (LMB): BP_Sky_Sphere_C (Sky Sphere)
[2016.08.14-01.11.31:577][108]LogEditorViewport: Clicking on Actor (LMB): StaticMeshActor (SM_PillarFrame311)
[2016.08.14-01.12.50:953][915]LogSavePackage: Save=54.00ms
[2016.08.14-01.12.50:953][915]LogSavePackage: Moving '../../../../../../Users/jgell/Desktop/UnrealProjects/MyProject2/Saved/FirstLevel_Auto65C8188884FCF7245087C19A11783E174.tmp' to '../../../../../../Users/jgell/Desktop/UnrealProjects/MyProject2/Saved/Autosaves/Game/FirstLevel_Auto6.umap'
[2016.08.14-01.12.50:956][915]LogSavePackage:Display: Finished SavePackage ../../../../../../Users/jgell/Desktop/UnrealProjects/MyProject2/Saved/Autosaves/Game/FirstLevel_Auto6.umap
[2016.08.14-01.12.50:958][915]LogFileHelpers: Editor autosave (incl. sublevels) for '/Game/FirstLevel' took 0.078
[2016.08.14-01.12.50:958][915]LogFileHelpers: Editor autosave (incl. sublevels) for all levels took 0.078
[2016.08.14-01.13.14:224][978]LogEditorViewport: Clicking on Actor (LMB): StaticMeshActor (SM_PillarFrame311)
[2016.08.14-01.14.16:000][179]LogEditorViewport: Clicking on Actor (CTRL LMB): StaticMeshActor (SM_PillarFrame317)
[2016.08.14-01.15.33:923][536]LogEditorViewport: Clicking on Actor (LMB): StaticMeshActor (Pillar_50x503)
[2016.08.14-01.15.36:394][828]LogEditorViewport: Clicking on Actor (LMB): StaticMeshActor (Pillar_50x500)
[2016.08.14-01.16.50:358][378]LogEditorViewport: Clicking on Actor (LMB): StaticMeshActor (SM_PillarFrame303)
[2016.08.14-01.17.20:178][440]LogEditorViewport: Clicking on Actor (LMB): StaticMeshActor (SM_PillarFrame334)
[2016.08.14-01.21.28:247][340]LogActorFactory: Actor Factory created SM_GlassWindow
[2016.08.14-01.21.29:923][538]LogActorFactory: Actor Factory created SM_GlassWindow
[2016.08.14-01.22.42:194][119]LogEditorViewport: Clicking on Actor (LMB): StaticMeshActor (SM_PillarFrame300)
[2016.08.14-01.23.05:274][824]LogEditorViewport: Clicking on Actor (LMB): StaticMeshActor (SM_GlassWindow)
[2016.08.14-01.23.34:774][605]LogSavePackage: Save=63.15ms
[2016.08.14-01.23.34:774][605]LogSavePackage: Moving '../../../../../../Users/jgell/Desktop/UnrealProjects/MyProject2/Saved/FirstLevel_Auto701228DFC415CDC86FFAA15B5FB11D2CB.tmp' to '../../../../../../Users/jgell/Desktop/UnrealProjects/MyProject2/Saved/Autosaves/Game/FirstLevel_Auto7.umap'
[2016.08.14-01.23.34:775][605]LogSavePackage:Display: Finished SavePackage ../../../../../../Users/jgell/Desktop/UnrealProjects/MyProject2/Saved/Autosaves/Game/FirstLevel_Auto7.umap
[2016.08.14-01.23.34:777][605]LogFileHelpers: Editor autosave (incl. sublevels) for '/Game/FirstLevel' took 0.086
[2016.08.14-01.23.34:777][605]LogFileHelpers: Editor autosave (incl. sublevels) for all levels took 0.086
[2016.08.14-01.23.40:168][250]LogEditorViewport: Clicking on Actor (LMB): StaticMeshActor (SM_PillarFrame335)
[2016.08.14-01.23.47:060][ 70]LogEditorViewport: Clicking on Actor (LMB): StaticMeshActor (SM_GlassWindow)
[2016.08.14-01.23.48:361][221]LogEditorViewport: Clicking on Actor (LMB): StaticMeshActor (SM_PillarFrame335)
[2016.08.14-01.23.54:492][950]LogEditorViewport: Clicking on Actor (LMB): StaticMeshActor (SM_GlassWindow)
[2016.08.14-01.24.01:411][768]LogEditorViewport: Clicking on Actor (LMB): StaticMeshActor (SM_PillarFrame335)
[2016.08.14-01.24.05:789][288]LogEditorViewport: Clicking on Actor (LMB): StaticMeshActor (SM_GlassWindow)
[2016.08.14-01.25.13:638][422]Cmd: MODE SCALEGRID=0
[2016.08.14-01.25.54:601][814]Cmd: MODE SCALEGRID=1
[2016.08.14-01.33.35:394][228]LogSavePackage: Save=65.45ms
[2016.08.14-01.33.35:394][228]LogSavePackage: Moving '../../../../../../Users/jgell/Desktop/UnrealProjects/MyProject2/Saved/FirstLevel_Auto89660A34043A9EFC055AD4FABA5EFB76F.tmp' to '../../../../../../Users/jgell/Desktop/UnrealProjects/MyProject2/Saved/Autosaves/Game/FirstLevel_Auto8.umap'
[2016.08.14-01.33.35:406][228]LogSavePackage:Display: Finished SavePackage ../../../../../../Users/jgell/Desktop/UnrealProjects/MyProject2/Saved/Autosaves/Game/FirstLevel_Auto8.umap
[2016.08.14-01.33.35:408][228]LogFileHelpers: Editor autosave (incl. sublevels) for '/Game/FirstLevel' took 0.108
[2016.08.14-01.33.35:408][228]LogFileHelpers: Editor autosave (incl. sublevels) for all levels took 0.108
[2016.08.14-02.21.43:992][386]LogSavePackage: Save=61.73ms
[2016.08.14-02.21.43:992][386]LogSavePackage: Moving '../../../../../../Users/jgell/Desktop/UnrealProjects/MyProject2/Saved/FirstLevel_Auto953A2552B4D825938CB2752A69CE318DE.tmp' to '../../../../../../Users/jgell/Desktop/UnrealProjects/MyProject2/Saved/Autosaves/Game/FirstLevel_Auto9.umap'
[2016.08.14-02.21.43:994][386]LogSavePackage:Display: Finished SavePackage ../../../../../../Users/jgell/Desktop/UnrealProjects/MyProject2/Saved/Autosaves/Game/FirstLevel_Auto9.umap
[2016.08.14-02.21.43:996][386]LogFileHelpers: Editor autosave (incl. sublevels) for '/Game/FirstLevel' took 0.142
[2016.08.14-02.21.43:996][386]LogFileHelpers: Editor autosave (incl. sublevels) for all levels took 0.142
[2016.08.14-02.21.47:233][771]Cmd: TRANSACTION UNDO
[2016.08.14-02.21.47:233][771]LogEditorTransaction: Undo Move Actors
[2016.08.14-02.22.02:908][612]LogEditorViewport: Clicking on Actor (LMB): StaticMeshActor (SM_GlassWindow3)
[2016.08.14-02.22.39:611][255]LogEditorViewport: Clicking on Actor (LMB): StaticMeshActor (SM_GlassWindow5)
[2016.08.14-02.22.54:376][981]LogEditorViewport: Clicking on Actor (LMB): StaticMeshActor (SM_GlassWindow5)
[2016.08.14-02.23.21:999][616]LogActorFactory: Actor Factory created SM_CornerFrame
[2016.08.14-02.23.22:773][707]LogActorFactory: Actor Factory created SM_CornerFrame
[2016.08.14-02.23.39:771][ 49]Cmd: CAMERA ALIGN ACTIVEVIEWPORTONLY
[2016.08.14-02.24.30:730][536]Cmd: TRANSACTION UNDO
[2016.08.14-02.24.30:730][536]LogEditorTransaction: Undo Set actor scale
[2016.08.14-02.24.31:598][615]Cmd: TRANSACTION UNDO
[2016.08.14-02.24.31:598][615]LogEditorTransaction: Undo Set actor scale
[2016.08.14-02.24.32:096][671]Cmd: TRANSACTION UNDO
[2016.08.14-02.24.32:096][671]LogEditorTransaction: Undo Set actor scale
[2016.08.14-02.24.32:104][671]LogPhysics:Warning: FDerivedDataPhysXCooker::BuildTriMesh: Triangle data from '/Game/FirstLevel.FirstLevel:PersistentLevel.ModelComponent_595' invalid (556 verts, 0 indices).
[2016.08.14-02.24.32:104][671]LogPhysics:Warning: FDerivedDataPhysXCooker::BuildTriMesh: Triangle data from '/Game/FirstLevel.FirstLevel:PersistentLevel.ModelComponent_596' invalid (556 verts, 0 indices).
[2016.08.14-02.24.32:104][671]LogPhysics:Warning: FDerivedDataPhysXCooker::BuildTriMesh: Triangle data from '/Game/FirstLevel.FirstLevel:PersistentLevel.ModelComponent_597' invalid (556 verts, 0 indices).
[2016.08.14-02.24.32:104][671]LogPhysics:Warning: FDerivedDataPhysXCooker::BuildTriMesh: Triangle data from '/Game/FirstLevel.FirstLevel:PersistentLevel.ModelComponent_598' invalid (556 verts, 0 indices).
[2016.08.14-02.24.32:105][671]LogPhysics:Warning: FDerivedDataPhysXCooker::BuildTriMesh: Triangle data from '/Game/FirstLevel.FirstLevel:PersistentLevel.ModelComponent_599' invalid (556 verts, 0 indices).
[2016.08.14-02.24.32:105][671]LogPhysics:Warning: FDerivedDataPhysXCooker::BuildTriMesh: Triangle data from '/Game/FirstLevel.FirstLevel:PersistentLevel.ModelComponent_600' invalid (556 verts, 0 indices).
[2016.08.14-02.24.32:105][671]LogPhysics:Warning: FDerivedDataPhysXCooker::BuildTriMesh: Triangle data from '/Game/FirstLevel.FirstLevel:PersistentLevel.ModelComponent_601' invalid (556 verts, 0 indices).
[2016.08.14-02.24.32:105][671]LogPhysics:Warning: FDerivedDataPhysXCooker::BuildTriMesh: Triangle data from '/Game/FirstLevel.FirstLevel:PersistentLevel.ModelComponent_602' invalid (556 verts, 0 indices).
[2016.08.14-02.24.33:376][819]LogEditorViewport: Clicking on Actor (LMB): StaticMeshActor (SM_CornerFrame)
[2016.08.14-02.26.07:647][337]Cmd: CAMERA ALIGN ACTIVEVIEWPORTONLY
[2016.08.14-02.26.21:987][ 48]LogEditorViewport: Clicking on Actor (LMB): StaticMeshActor (SM_CornerFrame)
[2016.08.14-02.27.19:882][452]Cmd: TRANSACTION UNDO
[2016.08.14-02.27.19:882][452]LogEditorTransaction: Undo Move Actors
[2016.08.14-02.27.55:586][744]LogEditorViewport: Clicking on Actor (LMB): StaticMeshActor (SM_CornerFrame)
[2016.08.14-02.27.58:517][ 92]LogEditorViewport: Clicking on Actor (CTRL LMB): StaticMeshActor (SM_CornerFrame2)
[2016.08.14-02.28.58:288][725]Cmd: TRANSACTION UNDO
[2016.08.14-02.28.58:289][725]LogEditorTransaction: Undo Rotate Actors
[2016.08.14-02.28.58:719][761]Cmd: TRANSACTION UNDO
[2016.08.14-02.28.58:719][761]LogEditorTransaction: Undo Rotate Actors
[2016.08.14-02.28.59:069][798]Cmd: TRANSACTION UNDO
[2016.08.14-02.28.59:069][798]LogEditorTransaction: Undo Rotate Actors
[2016.08.14-02.29.01:358][ 72]Cmd: TRANSACTION UNDO
[2016.08.14-02.29.01:358][ 72]LogEditorTransaction: Undo Move Actors
[2016.08.14-02.29.10:570][165]LogEditorViewport: Clicking on Actor (LMB): StaticMeshActor (SM_CornerFrame3)
[2016.08.14-02.29.16:526][874]Cmd: TRANSACTION UNDO
[2016.08.14-02.29.16:526][874]LogEditorTransaction: Undo Rotate Actors
[2016.08.14-02.29.19:715][235]LogEditorViewport: Clicking on Actor (LMB): StaticMeshActor (SM_CornerFrame4)
[2016.08.14-02.29.23:233][652]LogEditorViewport: Clicking on Actor (CTRL LMB): StaticMeshActor (SM_CornerFrame3)
[2016.08.14-02.29.57:159][708]LogEditorViewport: Clicking on Actor (LMB): StaticMeshActor (SM_CornerFrame3)
[2016.08.14-02.29.58:881][905]LogEditorViewport: Clicking on Actor (LMB): StaticMeshActor (SM_CornerFrame2)
[2016.08.14-02.30.05:117][644]LogEditorActor: Deleted Actor: StaticMeshActor
[2016.08.14-02.30.05:125][644]LogEditorActor: Deleted 1 Actors (0.009 secs)
[2016.08.14-02.30.06:525][809]LogEditorActor: Deleted Actor: StaticMeshActor
[2016.08.14-02.30.06:532][809]LogEditorActor: Deleted 1 Actors (0.007 secs)
[2016.08.14-02.30.09:193][128]LogEditorViewport: Clicking on Actor (LMB): StaticMeshActor (SM_CornerFrame)
[2016.08.14-02.30.12:183][483]LogEditorViewport: Clicking on Actor (CTRL LMB): StaticMeshActor (SM_CornerFrame2)
[2016.08.14-02.30.22:547][713]LogEditorViewport: Clicking on Actor (CTRL LMB): StaticMeshActor (SM_CornerFrame3)
[2016.08.14-02.31.35:803][  0]LogEditorViewport: Clicking on Actor (LMB): StaticMeshActor (SM_CornerFrame)
[2016.08.14-02.31.39:043][384]LogEditorViewport: Clicking on Actor (CTRL LMB): StaticMeshActor (SM_CornerFrame2)
[2016.08.14-02.31.42:256][765]LogEditorViewport: Clicking on Actor (CTRL LMB): StaticMeshActor (SM_CornerFrame4)
[2016.08.14-02.31.43:328][890]LogEditorViewport: Clicking on Actor (CTRL LMB): StaticMeshActor (SM_CornerFrame3)
[2016.08.14-02.32.14:024][697]LogSavePackage: Save=73.41ms
[2016.08.14-02.32.14:024][697]LogSavePackage: Moving '../../../../../../Users/jgell/Desktop/UnrealProjects/MyProject2/Saved/FirstLevel_Auto078B3DA8D452AFE5F566F9F9C310C76D8.tmp' to '../../../../../../Users/jgell/Desktop/UnrealProjects/MyProject2/Saved/Autosaves/Game/FirstLevel_Auto0.umap'
[2016.08.14-02.32.14:026][697]LogSavePackage:Display: Finished SavePackage ../../../../../../Users/jgell/Desktop/UnrealProjects/MyProject2/Saved/Autosaves/Game/FirstLevel_Auto0.umap
[2016.08.14-02.32.14:029][697]LogFileHelpers: Editor autosave (incl. sublevels) for '/Game/FirstLevel' took 0.100
[2016.08.14-02.32.14:029][697]LogFileHelpers: Editor autosave (incl. sublevels) for all levels took 0.100
[2016.08.14-02.32.50:242][816]Cmd: TRANSACTION UNDO
[2016.08.14-02.32.50:242][816]LogEditorTransaction: Undo Move Actors
[2016.08.14-02.32.58:365][753]Cmd: CAMERA ALIGN ACTIVEVIEWPORTONLY
[2016.08.14-02.33.36:453][167]LogEditorViewport: Clicking on Actor (LMB): StaticMeshActor (SM_GlassWindow2)
[2016.08.14-02.33.36:986][227]LogEditorViewport: Clicking on Actor (LMB): StaticMeshActor (SM_GlassWindow)
[2016.08.14-02.33.38:296][380]LogEditorViewport: Clicking on Actor (LMB): StaticMeshActor (SM_GlassWindow3)
[2016.08.14-02.33.40:110][594]Cmd: DELETE
[2016.08.14-02.33.40:110][594]Cmd: ACTOR DELETE
[2016.08.14-02.33.40:111][594]LogEditorActor: Deleted Actor: StaticMeshActor
[2016.08.14-02.33.40:119][594]LogEditorActor: Deleted 1 Actors (0.009 secs)
[2016.08.14-02.33.40:833][680]LogEditorViewport: Clicking on Actor (LMB): StaticMeshActor (SM_GlassWindow4)
[2016.08.14-02.33.41:148][714]Cmd: DELETE
[2016.08.14-02.33.41:148][714]Cmd: ACTOR DELETE
[2016.08.14-02.33.41:149][714]LogEditorActor: Deleted Actor: StaticMeshActor
[2016.08.14-02.33.41:156][714]LogEditorActor: Deleted 1 Actors (0.008 secs)
[2016.08.14-02.33.41:707][780]LogEditorViewport: Clicking on Actor (LMB): StaticMeshActor (SM_GlassWindow5)
[2016.08.14-02.33.41:805][788]Cmd: DELETE
[2016.08.14-02.33.41:805][788]Cmd: ACTOR DELETE
[2016.08.14-02.33.41:805][788]LogEditorActor: Deleted Actor: StaticMeshActor
[2016.08.14-02.33.41:813][788]LogEditorActor: Deleted 1 Actors (0.008 secs)
[2016.08.14-02.33.44:184][ 72]LogEditorViewport: Clicking on Actor (LMB): StaticMeshActor (SM_GlassWindow6)
[2016.08.14-02.33.45:040][171]Cmd: DELETE
[2016.08.14-02.33.45:041][171]Cmd: ACTOR DELETE
[2016.08.14-02.33.45:041][171]LogEditorActor: Deleted Actor: StaticMeshActor
[2016.08.14-02.33.45:048][171]LogEditorActor: Deleted 1 Actors (0.008 secs)
[2016.08.14-02.35.02:270][871]LogEditorViewport: Clicking on Actor (LMB): StaticMeshActor (SM_GlassWindow2)
[2016.08.14-02.35.09:443][718]LogEditorViewport: Clicking on Actor (LMB): StaticMeshActor (SM_CornerFrame8)
[2016.08.14-02.35.11:092][912]LogEditorViewport: Clicking on Actor (CTRL LMB): StaticMeshActor (SM_CornerFrame3)
[2016.08.14-02.35.11:622][972]LogEditorViewport: Clicking on Actor (CTRL LMB): StaticMeshActor (SM_GlassWindow2)
[2016.08.14-02.35.12:363][ 56]LogEditorViewport: Clicking on Actor (CTRL LMB): StaticMeshActor (SM_CornerFrame4)
[2016.08.14-02.35.13:034][132]LogEditorViewport: Clicking on Actor (CTRL LMB): StaticMeshActor (SM_GlassWindow)
[2016.08.14-02.35.15:534][424]LogEditorViewport: Clicking on Actor (CTRL LMB): StaticMeshActor (SM_GlassWindow)
[2016.08.14-02.35.21:691][157]LogEditorViewport: Clicking on Actor (CTRL LMB): StaticMeshActor (SM_CornerFrame)
[2016.08.14-02.35.22:644][267]LogEditorViewport: Clicking on Actor (CTRL LMB): StaticMeshActor (SM_CornerFrame2)
[2016.08.14-02.35.23:291][340]LogEditorViewport: Clicking on Actor (CTRL LMB): StaticMeshActor (SM_CornerFrame5)
[2016.08.14-02.35.27:093][779]LogEditorViewport: Clicking on Actor (CTRL LMB): StaticMeshActor (SM_CornerFrame6)
[2016.08.14-02.35.28:515][945]LogEditorViewport: Clicking on Actor (CTRL LMB): StaticMeshActor (SM_CornerFrame7)
[2016.08.14-02.38.21:628][507]Cmd: TRANSACTION UNDO
[2016.08.14-02.38.21:628][507]LogEditorTransaction: Undo Move Actors
[2016.08.14-02.39.06:896][834]LogEditorViewport: Clicking on Actor (LMB): StaticMeshActor (SM_GlassWindow7)
[2016.08.14-02.39.07:834][940]LogEditorViewport: Clicking on Actor (LMB): StaticMeshActor (SM_GlassWindow10)
[2016.08.14-02.40.50:337][775]OCULUS: Info: [HMDState] Requested to SetForegroundWindow(16097all)
[2016.08.14-02.41.06:201][264]LogEditorViewport: Clicking on Actor (LMB): StaticMeshActor (SM_GlassWindow9)
[2016.08.14-02.41.06:412][288]OCULUS: Info: [HMDState] Requested to SetForegroundWindow(16097all)
[2016.08.14-02.41.06:964][354]LogEditorViewport: Clicking on Actor (LMB): StaticMeshActor (SM_GlassWindow7)
[2016.08.14-02.41.08:034][477]LogEditorViewport: Clicking on Actor (LMB): StaticMeshActor (SM_GlassWindow10)
[2016.08.14-02.41.14:224][214]LogEditorViewport: Clicking on Actor (LMB): StaticMeshActor (SM_GlassWindow7)
[2016.08.14-02.41.57:342][379]Cmd: DELETE
[2016.08.14-02.41.57:342][379]Cmd: ACTOR DELETE
[2016.08.14-02.42.07:752][379]LogEditorActor: Deleted 0 Actors (10.410 secs)
[2016.08.14-02.42.15:834][329]LogEditorViewport: Clicking on Actor (LMB): StaticMeshActor (SM_GlassWindow7)
[2016.08.14-02.42.17:435][516]LogEditorViewport: Clicking on Actor (LMB): StaticMeshActor (SM_GlassWindow10)
[2016.08.14-02.42.18:691][662]LogEditorViewport: Clicking on Actor (LMB): StaticMeshActor (SM_GlassWindow7)
[2016.08.14-02.42.20:369][859]Cmd: DELETE
[2016.08.14-02.42.20:369][859]Cmd: ACTOR DELETE
[2016.08.14-02.42.23:810][859]LogEditorActor: Deleted 0 Actors (3.441 secs)
[2016.08.14-02.42.42:820][123]LogEditorViewport: Clicking on Actor (LMB): StaticMeshActor (SM_CornerFrame38)
[2016.08.14-02.43.26:773][513]LogSavePackage: Save=95.27ms
[2016.08.14-02.43.26:773][513]LogSavePackage: Moving '../../../../../../Users/jgell/Desktop/UnrealProjects/MyProject2/Saved/FirstLevel_Auto13FB2B1A44F7FBFCE4919C0921A4E9283.tmp' to '../../../../../../Users/jgell/Desktop/UnrealProjects/MyProject2/Saved/Autosaves/Game/FirstLevel_Auto1.umap'
[2016.08.14-02.43.26:776][513]LogSavePackage:Display: Finished SavePackage ../../../../../../Users/jgell/Desktop/UnrealProjects/MyProject2/Saved/Autosaves/Game/FirstLevel_Auto1.umap
[2016.08.14-02.43.26:777][513]LogFileHelpers: Editor autosave (incl. sublevels) for '/Game/FirstLevel' took 0.123
[2016.08.14-02.43.26:777][513]LogFileHelpers: Editor autosave (incl. sublevels) for all levels took 0.123
[2016.08.14-02.43.58:069][881]LogEditorViewport: Clicking on Actor (LMB): StaticMeshActor (SM_GlassWindow7)
[2016.08.14-02.44.02:333][387]LogEditorViewport: Clicking on Actor (LMB): StaticMeshActor (SM_GlassWindow6)
[2016.08.14-02.44.03:785][556]LogEditorViewport: Clicking on Actor (LMB): StaticMeshActor (SM_GlassWindow3)
[2016.08.14-02.44.08:616][115]LogActorFactory: Actor Factory created SM_GlassWindow
[2016.08.14-02.44.10:466][316]LogActorFactory: Actor Factory created SM_GlassWindow
[2016.08.14-02.44.25:922][161]Cmd: CAMERA ALIGN ACTIVEVIEWPORTONLY
[2016.08.14-02.46.51:164][985]Cmd: TRANSACTION UNDO
[2016.08.14-02.46.51:164][985]LogEditorTransaction: Undo Move Actors
[2016.08.14-02.47.00:288][ 53]Cmd: CAMERA ALIGN ACTIVEVIEWPORTONLY
[2016.08.14-02.47.53:097][ 94]LogActorFactory: Actor Factory created SM_GlassWindow
[2016.08.14-02.47.53:679][163]LogActorFactory: Actor Factory created SM_GlassWindow
[2016.08.14-02.48.14:430][643]LogEditorViewport: Clicking on Actor (LMB): BP_Sky_Sphere_C (Sky Sphere)
[2016.08.14-02.48.15:143][725]LogEditorViewport: Clicking on Actor (LMB): BP_Sky_Sphere_C (Sky Sphere)
[2016.08.14-02.48.15:677][788]LogEditorViewport: Clicking on Actor (LMB): BP_Sky_Sphere_C (Sky Sphere)
[2016.08.14-02.48.15:760][796]LogEditorViewport: Clicking on Component (LMB): StaticMeshComponent (Sky Sphere mesh)
[2016.08.14-02.48.18:386][107]LogEditorViewport: Clicking on Component (LMB): StaticMeshComponent (Sky Sphere mesh)
[2016.08.14-02.48.20:837][400]LogEditorViewport: Clicking on Component (LMB): StaticMeshComponent (Sky Sphere mesh)
[2016.08.14-02.48.30:878][593]Cmd: EDCALLBACK SURFPROPS
[2016.08.14-02.48.32:469][778]LogEditorViewport: Clicking on Actor (LMB): StaticMeshActor (SM_GlassWindow13)
[2016.08.14-02.53.27:741][ 72]LogSavePackage: Save=89.65ms
[2016.08.14-02.53.27:741][ 72]LogSavePackage: Moving '../../../../../../Users/jgell/Desktop/UnrealProjects/MyProject2/Saved/FirstLevel_Auto2926DA077477262A39BD14FB522EB09C1.tmp' to '../../../../../../Users/jgell/Desktop/UnrealProjects/MyProject2/Saved/Autosaves/Game/FirstLevel_Auto2.umap'
[2016.08.14-02.53.27:744][ 72]LogSaveP